[2024-11-20T13:36:14.074046-03:00] registros_logs.INFO: admin@bng.comlogin valido [] []
[2024-11-20T13:36:22.756345-03:00] registros_logs.ERROR: admin@bng.com2login invalido [] []
[2024-11-20T13:37:53.004947-03:00] registros_logs.INFO: admin@bng.comlogin valido [] []
[2024-11-20T13:38:53.715912-03:00] registros_logs.INFO: admin@bng.comlogin valido [] []
[2024-11-20T13:38:53.716129-03:00] registros_logs.INFO: login valido [] []
[2024-11-20T13:39:18.862984-03:00] registros_logs.INFO: login valido [] []
[2024-11-20T13:39:36.132195-03:00] registros_logs.INFO: admin@bng.comlogin valido [] []
[2024-11-20T13:39:37.438055-03:00] registros_logs.INFO: admin@bng.comlogin valido [] []
[2024-11-20T13:40:12.493379-03:00] registros_logs.INFO:  fez logout da conta [] []
[2024-11-20T13:43:11.283235-03:00] registros_logs.INFO: admin@bng.comlogin valido [] []
[2024-11-20T13:47:55.433878-03:00] registros_logs.INFO: admin@bng.com fez logout da conta [] []
[2024-11-20T13:47:56.486347-03:00] registros_logs.INFO:  fez logout da conta [] []
[2024-11-20T13:49:11.026954-03:00] registros_logs.INFO:  fez logout da conta [] []
[2024-11-20T13:49:12.975501-03:00] registros_logs.INFO:  fez logout da conta [] []
[2024-11-20T13:49:50.534562-03:00] registros_logs.INFO:  fez logout da conta [] []
[2024-11-20T13:49:53.229125-03:00] registros_logs.INFO:  fez logout da conta [] []
[2024-11-20T13:49:54.503562-03:00] registros_logs.INFO:  fez logout da conta [] []
[2024-11-20T13:50:43.024954-03:00] registros_logs.INFO: admin@bng.comlogin valido [] []
[2024-11-20T13:52:02.595419-03:00] registros_logs.INFO: admin@bng.com fez logout da conta [] []
[2024-11-20T13:55:40.649793-03:00] registros_logs.INFO: admin@bng.comlogin valido [] []
[2024-11-20T13:55:48.696614-03:00] registros_logs.INFO: admin@bng.com fez logout da conta [] []
[2024-11-20T14:02:30.366344-03:00] registros_logs.INFO: agente1@bng.comlogin valido [] []
